[ 2022-09-29T08:21:27+08:00 ] ::1 /index.php/Home/Qintai/index
ERR: 无法加载控制器:Qintai

[ 2022-09-29T08:21:35+08:00 ] ::1 /index.php/Home/Qingtai/index
ERR: 无法加载控制器:Qingtai

[ 2022-09-29T09:17:23+08:00 ] ::1 /index.php/Home/Qiantai/blog
ERR: Call to a member function count() on null

[ 2022-09-29T09:39:25+08:00 ] ::1 /index.php/Home/Qiantai/blog
ERR: syntax error, unexpected '$blog' (T_VARIABLE)

[ 2022-09-29T09:39:43+08:00 ] ::1 /index.php/Home/Qiantai/blog
ERR: Call to undefined function Home\Controller\query()

[ 2022-09-29T09:40:17+08:00 ] ::1 /index.php/Home/Qiantai/blog
ERR: Call to undefined function Home\Controller\query()

[ 2022-09-29T09:40:17+08:00 ] ::1 /index.php/Home/Qiantai/blog
ERR: Call to undefined function Home\Controller\query()

[ 2022-09-29T09:40:17+08:00 ] ::1 /index.php/Home/Qiantai/blog
ERR: Call to undefined function Home\Controller\query()

[ 2022-09-29T09:40:31+08:00 ] ::1 /index.php/Home/Qiantai/blog
ERR: Call to undefined function Home\Controller\query()

[ 2022-09-29T09:40:31+08:00 ] ::1 /index.php/Home/Qiantai/blog
ERR: Call to undefined function Home\Controller\query()

[ 2022-09-29T09:40:31+08:00 ] ::1 /index.php/Home/Qiantai/blog
ERR: Call to undefined function Home\Controller\query()

[ 2022-09-29T09:40:32+08:00 ] ::1 /index.php/Home/Qiantai/blog
ERR: Call to undefined function Home\Controller\query()

[ 2022-09-29T09:40:32+08:00 ] ::1 /index.php/Home/Qiantai/blog
ERR: Call to undefined function Home\Controller\query()

[ 2022-09-29T09:40:32+08:00 ] ::1 /index.php/Home/Qiantai/blog
ERR: Call to undefined function Home\Controller\query()

[ 2022-09-29T09:40:56+08:00 ] ::1 /index.php/Home/Qiantai/blog
ERR: Call to undefined function Home\Controller\query()

[ 2022-09-29T09:40:57+08:00 ] ::1 /index.php/Home/Qiantai/blog
ERR: Call to undefined function Home\Controller\query()

[ 2022-09-29T09:40:57+08:00 ] ::1 /index.php/Home/Qiantai/blog
ERR: Call to undefined function Home\Controller\query()

[ 2022-09-29T09:40:57+08:00 ] ::1 /index.php/Home/Qiantai/blog
ERR: Call to undefined function Home\Controller\query()

[ 2022-09-29T09:43:10+08:00 ] ::1 /index.php/Home/Qiantai/blog
ERR: 1064:You have an error in your SQL syntax; check the manual that corresponds to your MySQL server version for the right syntax to use near '' at line 1
 [ SQL语句 ] : select userName from user where userId = 

[ 2022-09-29T09:43:15+08:00 ] ::1 /index.php/Home/Qiantai/blog
ERR: 1064:You have an error in your SQL syntax; check the manual that corresponds to your MySQL server version for the right syntax to use near '' at line 1
 [ SQL语句 ] : select userName from user where userId = 

[ 2022-09-29T09:43:22+08:00 ] ::1 /index.php/Home/Qiantai/blog
ERR: 1064:You have an error in your SQL syntax; check the manual that corresponds to your MySQL server version for the right syntax to use near '0' at line 1
 [ SQL语句 ] : 0

[ 2022-09-29T09:52:56+08:00 ] ::1 /index.php/Home/Qiantai/blog
ERR: syntax error, unexpected ';', expecting ')'

[ 2022-09-29T09:53:06+08:00 ] ::1 /index.php/Home/Qiantai/blog
ERR: 1064:You have an error in your SQL syntax; check the manual that corresponds to your MySQL server version for the right syntax to use near '0' at line 1
 [ SQL语句 ] : 0

[ 2022-09-29T09:53:29+08:00 ] ::1 /index.php/Home/Qiantai/blog
ERR: 1064:You have an error in your SQL syntax; check the manual that corresponds to your MySQL server version for the right syntax to use near '0' at line 1
 [ SQL语句 ] : 0

[ 2022-09-29T09:53:34+08:00 ] ::1 /index.php/Home/Qiantai/blog
ERR: 1064:You have an error in your SQL syntax; check the manual that corresponds to your MySQL server version for the right syntax to use near '' at line 1
 [ SQL语句 ] : select userName from user where userId = 

[ 2022-09-29T09:59:20+08:00 ] ::1 /index.php/Home/Qiantai/blog
ERR: syntax error, unexpected 'dump' (T_STRING)

[ 2022-09-29T09:59:26+08:00 ] ::1 /index.php/Home/Qiantai/blog
ERR: 1064:You have an error in your SQL syntax; check the manual that corresponds to your MySQL server version for the right syntax to use near '' at line 1
 [ SQL语句 ] : SELECT userName FROM user where userId = 

[ 2022-09-29T09:59:32+08:00 ] ::1 /index.php/Home/Qiantai/blog
ERR: 1064:You have an error in your SQL syntax; check the manual that corresponds to your MySQL server version for the right syntax to use near '' at line 1
 [ SQL语句 ] : SELECT userName FROM user where userId = 

[ 2022-09-29T09:59:33+08:00 ] ::1 /index.php/Home/Qiantai/blog
ERR: 1064:You have an error in your SQL syntax; check the manual that corresponds to your MySQL server version for the right syntax to use near '' at line 1
 [ SQL语句 ] : SELECT userName FROM user where userId = 

[ 2022-09-29T09:59:41+08:00 ] ::1 /index.php/Home/Qiantai/blog
ERR: 1064:You have an error in your SQL syntax; check the manual that corresponds to your MySQL server version for the right syntax to use near '' at line 1
 [ SQL语句 ] : SELECT userName FROM user where userId = 

[ 2022-09-29T09:59:42+08:00 ] ::1 /index.php/Home/Qiantai/blog
ERR: 1064:You have an error in your SQL syntax; check the manual that corresponds to your MySQL server version for the right syntax to use near '' at line 1
 [ SQL语句 ] : SELECT userName FROM user where userId = 

[ 2022-09-29T09:59:42+08:00 ] ::1 /index.php/Home/Qiantai/blog
ERR: 1064:You have an error in your SQL syntax; check the manual that corresponds to your MySQL server version for the right syntax to use near '' at line 1
 [ SQL语句 ] : SELECT userName FROM user where userId = 

[ 2022-09-29T09:59:54+08:00 ] ::1 /index.php/Home/Qiantai/blog
ERR: syntax error, unexpected '$id' (T_VARIABLE), expecting ')'

[ 2022-09-29T10:00:00+08:00 ] ::1 /index.php/Home/Qiantai/blog
ERR: 1064:You have an error in your SQL syntax; check the manual that corresponds to your MySQL server version for the right syntax to use near '0' at line 1
 [ SQL语句 ] : 0

[ 2022-09-29T10:00:33+08:00 ] ::1 /index.php/Home/Qiantai/blog
ERR: 1064:You have an error in your SQL syntax; check the manual that corresponds to your MySQL server version for the right syntax to use near '0' at line 1
 [ SQL语句 ] : 0

